Using pre-set license
Built from '2022.1/staging' branch; Version is '2022.1.9f1 (07e076b6d414) revision 516214'; Using compiler version '192829333'; Build Type 'Release'
OS: 'Windows 11  (10.0.22000) 64bit Professional' Language: 'en' Physical Memory: 16322 MB
BatchMode: 1, IsHumanControllingUs: 0, StartBugReporterOnCrash: 0, Is64bit: 1, IsPro: 1

COMMAND LINE ARGUMENTS:
E:\Unity\Editor\2022.1.9f1\Editor\Unity.exe
-adb2
-batchMode
-noUpm
-name
AssetImportWorker0
-projectPath
C:/Users/William/Game 3d cool
-logFile
Logs/AssetImportWorker0.log
-srvPort
63432
Successfully changed project path to: C:/Users/William/Game 3d cool
C:/Users/William/Game 3d cool
[UnityMemory] Configuration Parameters - Can be set up in boot.config
    "memorysetup-bucket-allocator-granularity=16"
    "memorysetup-bucket-allocator-bucket-count=8"
    "memorysetup-bucket-allocator-block-size=33554432"
    "memorysetup-bucket-allocator-block-count=8"
    "memorysetup-main-allocator-block-size=16777216"
    "memorysetup-thread-allocator-block-size=16777216"
    "memorysetup-gfx-main-allocator-block-size=16777216"
    "memorysetup-gfx-thread-allocator-block-size=16777216"
    "memorysetup-cache-allocator-block-size=4194304"
    "memorysetup-typetree-allocator-block-size=2097152"
    "memorysetup-profiler-bucket-allocator-granularity=16"
    "memorysetup-profiler-bucket-allocator-bucket-count=8"
    "memorysetup-profiler-bucket-allocator-block-size=33554432"
    "memorysetup-profiler-bucket-allocator-block-count=8"
    "memorysetup-profiler-allocator-block-size=16777216"
    "memorysetup-profiler-editor-allocator-block-size=1048576"
    "memorysetup-temp-allocator-size-main=16777216"
    "memorysetup-job-temp-allocator-block-size=2097152"
    "memorysetup-job-temp-allocator-block-size-background=1048576"
    "memorysetup-job-temp-allocator-reduction-small-platforms=262144"
    "memorysetup-temp-allocator-size-background-worker=32768"
    "memorysetup-temp-allocator-size-job-worker=262144"
    "memorysetup-temp-allocator-size-preload-manager=33554432"
    "memorysetup-temp-allocator-size-nav-mesh-worker=65536"
    "memorysetup-temp-allocator-size-audio-worker=65536"
    "memorysetup-temp-allocator-size-cloud-worker=32768"
    "memorysetup-temp-allocator-size-gi-baking-worker=262144"
    "memorysetup-temp-allocator-size-gfx=262144"
Unable to join player connection multicast group.
Refreshing native plugins compatible for Editor in 84.18 ms, found 3 plugins.
Preloading 0 native plugins for Editor in 0.00 ms.
Initialize engine version: 2022.1.9f1 (07e076b6d414)
[Subsystems] Discovering subsystems at path E:/Unity/Editor/2022.1.9f1/Editor/Data/Resources/UnitySubsystems
[Subsystems] Discovering subsystems at path C:/Users/William/Game 3d cool/Assets
GfxDevice: creating device client; threaded=0; jobified=0
Direct3D:
    Version:  Direct3D 11.0 [level 11.1]
    Renderer: NVIDIA GeForce GTX 970 (ID=0x13c2)
    Vendor:   NVIDIA
    VRAM:     4043 MB
    Driver:   31.0.15.1640
Initialize mono
Mono path[0] = 'E:/Unity/Editor/2022.1.9f1/Editor/Data/Managed'
Mono path[1] = 'E:/Unity/Editor/2022.1.9f1/Editor/Data/MonoBleedingEdge/lib/mono/unityjit-win32'
Mono config path = 'E:/Unity/Editor/2022.1.9f1/Editor/Data/MonoBleedingEdge/etc'
Using monoOptions --debugger-agent=transport=dt_socket,embedding=1,server=y,suspend=n,address=127.0.0.1:56564
Begin MonoManager ReloadAssembly
Registering precompiled unity dll's ...
Register platform support module: E:/Unity/Editor/2022.1.9f1/Editor/Data/PlaybackEngines/WebGLSupport/UnityEditor.WebGL.Extensions.dll
Register platform support module: E:/Unity/Editor/2022.1.9f1/Editor/Data/PlaybackEngines/MacStandaloneSupport/UnityEditor.OSXStandalone.Extensions.dll
Register platform support module: E:/Unity/Editor/2022.1.9f1/Editor/Data/PlaybackEngines/WindowsStandaloneSupport/UnityEditor.WindowsStandalone.Extensions.dll
Register platform support module: E:/Unity/Editor/2022.1.9f1/Editor/Data/PlaybackEngines/LinuxStandaloneSupport/UnityEditor.LinuxStandalone.Extensions.dll
Register platform support module: E:/Unity/Editor/2022.1.9f1/Editor/Data/PlaybackEngines/MetroSupport/UnityEditor.UWP.Extensions.dll
Registered in 0.004702 seconds.
Native extension for UWP target not found
Native extension for LinuxStandalone target not found
Native extension for WindowsStandalone target not found
Native extension for OSXStandalone target not found
Native extension for WebGL target not found
Refreshing native plugins compatible for Editor in 81.25 ms, found 3 plugins.
Preloading 0 native plugins for Editor in 0.00 ms.
Mono: successfully reloaded assembly
- Completed reload, in  0.763 seconds
Domain Reload Profiling:
	ReloadAssembly (763ms)
		BeginReloadAssembly (94ms)
			ExecutionOrderSort (0ms)
			DisableScriptedObjects (0ms)
			BackupInstance (0ms)
			ReleaseScriptingObjects (0ms)
			CreateAndSetChildDomain (1ms)
		EndReloadAssembly (546ms)
			LoadAssemblies (95ms)
			RebuildTransferFunctionScriptingTraits (0ms)
			SetupTypeCache (148ms)
				TypeCache.Initialize (147ms)
					TypeCache.ScanAssembly (146ms)
				ResolveRequiredComponents (0ms)
			ReleaseScriptCaches (0ms)
			RebuildScriptCaches (33ms)
			SetupLoadedEditorAssemblies (313ms)
				LogAssemblyErrors (0ms)
				InitializePlatformSupportModulesInManaged (11ms)
				SetLoadedEditorAssemblies (7ms)
				RefreshPlugins (81ms)
				BeforeProcessingInitializeOnLoad (1ms)
				ProcessInitializeOnLoadAttributes (158ms)
				ProcessInitializeOnLoadMethodAttributes (53ms)
				AfterProcessingInitializeOnLoad (0ms)
				EditorAssembliesLoaded (0ms)
			ExecutionOrderSort2 (0ms)
			AwakeInstancesAfterBackupRestoration (0ms)
Platform modules already initialized, skipping
Registering precompiled user dll's ...
Registered in 0.006564 seconds.
Begin MonoManager ReloadAssembly
Symbol file LoadedFromMemory doesn't match image C:\Users\William\Game 3d cool\Library\PackageCache\com.unity.visualscripting@1.7.8\Editor\VisualScripting.Core\Dependencies\YamlDotNet\Unity.VisualScripting.YamlDotNet.dll
Symbol file LoadedFromMemory doesn't match image C:\Users\William\Game 3d cool\Library\PackageCache\com.unity.visualscripting@1.7.8\Editor\VisualScripting.Core\Dependencies\DotNetZip\Unity.VisualScripting.IonicZip.dll
Native extension for UWP target not found
Native extension for LinuxStandalone target not found
Native extension for WindowsStandalone target not found
Native extension for OSXStandalone target not found
Native extension for WebGL target not found
Refreshing native plugins compatible for Editor in 0.65 ms, found 3 plugins.
Preloading 0 native plugins for Editor in 0.00 ms.
Mono: successfully reloaded assembly
- Completed reload, in  1.173 seconds
Domain Reload Profiling:
	ReloadAssembly (1174ms)
		BeginReloadAssembly (132ms)
			ExecutionOrderSort (0ms)
			DisableScriptedObjects (6ms)
			BackupInstance (0ms)
			ReleaseScriptingObjects (0ms)
			CreateAndSetChildDomain (21ms)
		EndReloadAssembly (919ms)
			LoadAssemblies (100ms)
			RebuildTransferFunctionScriptingTraits (0ms)
			SetupTypeCache (319ms)
				TypeCache.Initialize (314ms)
					TypeCache.ScanAssembly (310ms)
				ResolveRequiredComponents (5ms)
			ReleaseScriptCaches (1ms)
			RebuildScriptCaches (57ms)
			SetupLoadedEditorAssemblies (407ms)
				LogAssemblyErrors (0ms)
				InitializePlatformSupportModulesInManaged (11ms)
				SetLoadedEditorAssemblies (8ms)
				RefreshPlugins (1ms)
				BeforeProcessingInitializeOnLoad (77ms)
				ProcessInitializeOnLoadAttributes (276ms)
				ProcessInitializeOnLoadMethodAttributes (33ms)
				AfterProcessingInitializeOnLoad (2ms)
				EditorAssembliesLoaded (0ms)
			ExecutionOrderSort2 (0ms)
			AwakeInstancesAfterBackupRestoration (8ms)
Platform modules already initialized, skipping
========================================================================
Worker process is ready to serve import requests
Launched and connected shader compiler UnityShaderCompiler.exe after 0.06 seconds
Refreshing native plugins compatible for Editor in 0.67 ms, found 3 plugins.
Preloading 0 native plugins for Editor in 0.00 ms.
Unloading 3445 Unused Serialized files (Serialized files now loaded: 0)
Unloading 26 unused Assets / (57.8 KB). Loaded Objects now: 3906.
Memory consumption went from 0.52 GB to 0.52 GB.
Total: 3.335700 ms (FindLiveObjects: 0.307700 ms CreateObjectMapping: 0.262300 ms MarkObjects: 2.679000 ms  DeleteObjects: 0.085500 ms)

AssetImportParameters requested are different than current active one (requested -> active):
  custom:video-decoder-ogg-theora: a1e56fd34408186e4bbccfd4996cb3dc -> 
  custom:container-muxer-webm: aa71ff27fc2769a1b78a27578f13a17b -> 
  custom:container-demuxer-webm: 4f35f7cbe854078d1ac9338744f61a02 -> 
  custom:video-encoder-webm-vp8: eb34c28f22e8b96e1ab97ce403110664 -> 
  custom:audio-encoder-webm-vorbis: bf7c407c2cedff20999df2af8eb42d56 -> 
  custom:framework-win-MediaFoundation: 216162199b28c13a410421893ffa2e32 -> 
  custom:container-demuxer-ogg: 62fdf1f143b41e24485cea50d1cbac27 -> 
  custom:video-decoder-webm-vp8: 9c59270c3fd7afecdb556c50c9e8de78 -> 
  custom:audio-decoder-ogg-vorbis: bf7c407c2cedff20999df2af8eb42d56 -> 
========================================================================
Received Import Request.
  Time since last request: 1020.665032 seconds.
  path: Assets/prebuilt packs/adventure pack/Campfire/Logs_Diffuse.png
  artifactKey: Guid(b05e457ca87c11e489a75584b44583bb) Importer(815301076,1909f56bfc062723c751e8b465ee728b)
Start importing Assets/prebuilt packs/adventure pack/Campfire/Logs_Diffuse.png using Guid(b05e457ca87c11e489a75584b44583bb) Importer(815301076,1909f56bfc062723c751e8b465ee728b)  -> (artifact id: '8b0f6f1c36ea41efc2653baa8b8ce44d') in 0.134723 seconds 
========================================================================
Received Import Request.
  Time since last request: 0.000024 seconds.
  path: Assets/prebuilt packs/adventure pack/Bridge/ChineseBridge_Fence_Diffuse.png
  artifactKey: Guid(2c6715b41ae8df94abd4723c828fb964) Importer(815301076,1909f56bfc062723c751e8b465ee728b)
Start importing Assets/prebuilt packs/adventure pack/Bridge/ChineseBridge_Fence_Diffuse.png using Guid(2c6715b41ae8df94abd4723c828fb964) Importer(815301076,1909f56bfc062723c751e8b465ee728b)  -> (artifact id: '665a12de9ff649e41df957545b128eba') in 0.022069 seconds 
========================================================================
Received Import Request.
  Time since last request: 0.000025 seconds.
  path: Assets/prebuilt packs/adventure pack/Bridge
  artifactKey: Guid(ec0225440dfb5e645881de3cf2dd2f59) Importer(815301076,1909f56bfc062723c751e8b465ee728b)
Start importing Assets/prebuilt packs/adventure pack/Bridge using Guid(ec0225440dfb5e645881de3cf2dd2f59) Importer(815301076,1909f56bfc062723c751e8b465ee728b)  -> (artifact id: 'c6b24e43c2751406a714187a5343b5f4') in 0.007404 seconds 
========================================================================
Received Import Request.
  Time since last request: 0.000031 seconds.
  path: Assets/prebuilt packs/adventure pack/Campfire/Campfire.fbx
  artifactKey: Guid(25866232eec10564aaf2e98823aa8d74) Importer(815301076,1909f56bfc062723c751e8b465ee728b)
Start importing Assets/prebuilt packs/adventure pack/Campfire/Campfire.fbx using Guid(25866232eec10564aaf2e98823aa8d74) Importer(815301076,1909f56bfc062723c751e8b465ee728b)  -> (artifact id: 'c7f420920322a1241f397025129e10bb') in 0.164773 seconds 
========================================================================
Received Import Request.
  Time since last request: 0.000027 seconds.
  path: Assets/prebuilt packs/adventure pack/Bridge/ChineseBridge_Base_Diffuse.png
  artifactKey: Guid(f957e8fccbefa3f4fb80711885c43de6) Importer(815301076,1909f56bfc062723c751e8b465ee728b)
Start importing Assets/prebuilt packs/adventure pack/Bridge/ChineseBridge_Base_Diffuse.png using Guid(f957e8fccbefa3f4fb80711885c43de6) Importer(815301076,1909f56bfc062723c751e8b465ee728b)  -> (artifact id: '5fdd877b14319536e5edfb12a766fb02') in 0.016188 seconds 
========================================================================
Received Import Request.
  Time since last request: 8.688376 seconds.
  path: Assets/prebuilt packs/adventure pack/Stones
  artifactKey: Guid(90d044fa9b9b71a4fbf4a7e4a919fbdb) Importer(815301076,1909f56bfc062723c751e8b465ee728b)
Start importing Assets/prebuilt packs/adventure pack/Stones using Guid(90d044fa9b9b71a4fbf4a7e4a919fbdb) Importer(815301076,1909f56bfc062723c751e8b465ee728b)  -> (artifact id: '4be0268592b69237bf4ae13010f27642') in 0.005714 seconds 
========================================================================
Received Import Request.
  Time since last request: 4.920637 seconds.
  path: Assets/prebuilt packs/adventure pack/Portal
  artifactKey: Guid(00a8f230b302045418a695295c370d4e) Importer(815301076,1909f56bfc062723c751e8b465ee728b)
Start importing Assets/prebuilt packs/adventure pack/Portal using Guid(00a8f230b302045418a695295c370d4e) Importer(815301076,1909f56bfc062723c751e8b465ee728b)  -> (artifact id: 'fd3852c9b1a74993833638d1c3d66865') in 0.005317 seconds 
========================================================================
Received Import Request.
  Time since last request: 0.077367 seconds.
  path: Assets/prebuilt packs/adventure pack/Portal/Portal.fbx
  artifactKey: Guid(1ba4284c56986ed4b864dfcd7f2f70cb) Importer(815301076,1909f56bfc062723c751e8b465ee728b)
Start importing Assets/prebuilt packs/adventure pack/Portal/Portal.fbx using Guid(1ba4284c56986ed4b864dfcd7f2f70cb) Importer(815301076,1909f56bfc062723c751e8b465ee728b)  -> (artifact id: '8b8f0c330f4bddce93a440884182a7c4') in 0.024985 seconds 
========================================================================
Received Import Request.
  Time since last request: 14.748396 seconds.
  path: Assets/prebuilt packs/desert environment pack/Props/Container
  artifactKey: Guid(d0b064239c974034087678cd00c79d3e) Importer(815301076,1909f56bfc062723c751e8b465ee728b)
Start importing Assets/prebuilt packs/desert environment pack/Props/Container using Guid(d0b064239c974034087678cd00c79d3e) Importer(815301076,1909f56bfc062723c751e8b465ee728b)  -> (artifact id: 'f27e988f2272ee67c0ff4829827cd011') in 0.006717 seconds 
========================================================================
Received Import Request.
  Time since last request: 0.112590 seconds.
  path: Assets/prebuilt packs/desert environment pack/Props/Container/Container.fbx
  artifactKey: Guid(1c7655838f5daf74b9cab686e34033c3) Importer(815301076,1909f56bfc062723c751e8b465ee728b)
Start importing Assets/prebuilt packs/desert environment pack/Props/Container/Container.fbx using Guid(1c7655838f5daf74b9cab686e34033c3) Importer(815301076,1909f56bfc062723c751e8b465ee728b)  -> (artifact id: '480c5b7111dbc9d6253d9a7db69f3e9e') in 0.021309 seconds 
========================================================================
Received Import Request.
  Time since last request: 10.684929 seconds.
  path: Assets/prebuilt packs/desert environment pack/Props/Container/Textures
  artifactKey: Guid(5198b90fb492c37408f78868c298b7c3) Importer(815301076,1909f56bfc062723c751e8b465ee728b)
Start importing Assets/prebuilt packs/desert environment pack/Props/Container/Textures using Guid(5198b90fb492c37408f78868c298b7c3) Importer(815301076,1909f56bfc062723c751e8b465ee728b)  -> (artifact id: '6c6f2903186582183e9602428002f23a') in 0.007299 seconds 
========================================================================
Received Import Request.
  Time since last request: 0.082633 seconds.
  path: Assets/prebuilt packs/desert environment pack/Props/Container/Textures/BlueContainer_Albedo.png
  artifactKey: Guid(2232376cff3fa8e49af32c6dccf0f4e9) Importer(815301076,1909f56bfc062723c751e8b465ee728b)
Start importing Assets/prebuilt packs/desert environment pack/Props/Container/Textures/BlueContainer_Albedo.png using Guid(2232376cff3fa8e49af32c6dccf0f4e9) Importer(815301076,1909f56bfc062723c751e8b465ee728b)  -> (artifact id: 'b9b5c2b24702ab0498317bdf6fd4111f') in 0.012304 seconds 
========================================================================
Received Import Request.
  Time since last request: 0.000021 seconds.
  path: Assets/prebuilt packs/desert environment pack/Props/Container/Textures/GreenContainer_Metallic.png
  artifactKey: Guid(f3a9245e81bb7494aa9313a7bd76751b) Importer(815301076,1909f56bfc062723c751e8b465ee728b)
Start importing Assets/prebuilt packs/desert environment pack/Props/Container/Textures/GreenContainer_Metallic.png using Guid(f3a9245e81bb7494aa9313a7bd76751b) Importer(815301076,1909f56bfc062723c751e8b465ee728b)  -> (artifact id: 'a8bea7778cf74c66f6cf5db23cfd2629') in 0.015327 seconds 
========================================================================
Received Import Request.
  Time since last request: 0.000022 seconds.
  path: Assets/prebuilt packs/desert environment pack/Props/Container/Textures/OliveContainer_Albedo.png
  artifactKey: Guid(ece5aa712de17cc4bafa425ad430ba08) Importer(815301076,1909f56bfc062723c751e8b465ee728b)
Start importing Assets/prebuilt packs/desert environment pack/Props/Container/Textures/OliveContainer_Albedo.png using Guid(ece5aa712de17cc4bafa425ad430ba08) Importer(815301076,1909f56bfc062723c751e8b465ee728b)  -> (artifact id: '4245b4c08ec44c9b97ba82d725648c47') in 0.018548 seconds 
========================================================================
Received Prepare
Registering precompiled user dll's ...
Registered in 0.004677 seconds.
Begin MonoManager ReloadAssembly
Symbol file LoadedFromMemory doesn't match image C:\Users\William\Game 3d cool\Library\PackageCache\com.unity.visualscripting@1.7.8\Editor\VisualScripting.Core\Dependencies\YamlDotNet\Unity.VisualScripting.YamlDotNet.dll
Symbol file LoadedFromMemory doesn't match image C:\Users\William\Game 3d cool\Library\PackageCache\com.unity.visualscripting@1.7.8\Editor\VisualScripting.Core\Dependencies\DotNetZip\Unity.VisualScripting.IonicZip.dll
Native extension for UWP target not found
Native extension for LinuxStandalone target not found
Native extension for WindowsStandalone target not found
Native extension for OSXStandalone target not found
Native extension for WebGL target not found
Refreshing native plugins compatible for Editor in 1.09 ms, found 3 plugins.
Preloading 0 native plugins for Editor in 0.00 ms.
Mono: successfully reloaded assembly
- Completed reload, in  1.199 seconds
Domain Reload Profiling:
	ReloadAssembly (1200ms)
		BeginReloadAssembly (160ms)
			ExecutionOrderSort (0ms)
			DisableScriptedObjects (5ms)
			BackupInstance (0ms)
			ReleaseScriptingObjects (0ms)
			CreateAndSetChildDomain (46ms)
		EndReloadAssembly (946ms)
			LoadAssemblies (103ms)
			RebuildTransferFunctionScriptingTraits (0ms)
			SetupTypeCache (297ms)
				TypeCache.Initialize (292ms)
					TypeCache.ScanAssembly (287ms)
				ResolveRequiredComponents (5ms)
			ReleaseScriptCaches (1ms)
			RebuildScriptCaches (56ms)
			SetupLoadedEditorAssemblies (429ms)
				LogAssemblyErrors (0ms)
				InitializePlatformSupportModulesInManaged (21ms)
				SetLoadedEditorAssemblies (8ms)
				RefreshPlugins (1ms)
				BeforeProcessingInitializeOnLoad (78ms)
				ProcessInitializeOnLoadAttributes (284ms)
				ProcessInitializeOnLoadMethodAttributes (33ms)
				AfterProcessingInitializeOnLoad (3ms)
				EditorAssembliesLoaded (0ms)
			ExecutionOrderSort2 (0ms)
			AwakeInstancesAfterBackupRestoration (10ms)
Platform modules already initialized, skipping
Refreshing native plugins compatible for Editor in 3.06 ms, found 3 plugins.
Preloading 0 native plugins for Editor in 0.00 ms.
Unloading 3425 Unused Serialized files (Serialized files now loaded: 0)
Unloading 19 unused Assets / (25.4 KB). Loaded Objects now: 3953.
Memory consumption went from 0.52 GB to 0.52 GB.
Total: 3.202900 ms (FindLiveObjects: 0.318600 ms CreateObjectMapping: 0.295600 ms MarkObjects: 2.557600 ms  DeleteObjects: 0.030100 ms)

AssetImportParameters requested are different than current active one (requested -> active):
  custom:video-decoder-ogg-theora: a1e56fd34408186e4bbccfd4996cb3dc -> 
  custom:container-muxer-webm: aa71ff27fc2769a1b78a27578f13a17b -> 
  custom:container-demuxer-webm: 4f35f7cbe854078d1ac9338744f61a02 -> 
  custom:video-encoder-webm-vp8: eb34c28f22e8b96e1ab97ce403110664 -> 
  custom:audio-encoder-webm-vorbis: bf7c407c2cedff20999df2af8eb42d56 -> 
  custom:framework-win-MediaFoundation: 216162199b28c13a410421893ffa2e32 -> 
  custom:container-demuxer-ogg: 62fdf1f143b41e24485cea50d1cbac27 -> 
  custom:video-decoder-webm-vp8: 9c59270c3fd7afecdb556c50c9e8de78 -> 
  custom:audio-decoder-ogg-vorbis: bf7c407c2cedff20999df2af8eb42d56 -> 
========================================================================
Received Prepare
Registering precompiled user dll's ...
Registered in 0.005141 seconds.
Begin MonoManager ReloadAssembly
Symbol file LoadedFromMemory doesn't match image C:\Users\William\Game 3d cool\Library\PackageCache\com.unity.visualscripting@1.7.8\Editor\VisualScripting.Core\Dependencies\YamlDotNet\Unity.VisualScripting.YamlDotNet.dll
Symbol file LoadedFromMemory doesn't match image C:\Users\William\Game 3d cool\Library\PackageCache\com.unity.visualscripting@1.7.8\Editor\VisualScripting.Core\Dependencies\DotNetZip\Unity.VisualScripting.IonicZip.dll
Native extension for UWP target not found
Native extension for LinuxStandalone target not found
Native extension for WindowsStandalone target not found
Native extension for OSXStandalone target not found
Native extension for WebGL target not found
Refreshing native plugins compatible for Editor in 0.92 ms, found 3 plugins.
Preloading 0 native plugins for Editor in 0.00 ms.
Mono: successfully reloaded assembly
- Completed reload, in  1.167 seconds
Domain Reload Profiling:
	ReloadAssembly (1168ms)
		BeginReloadAssembly (141ms)
			ExecutionOrderSort (0ms)
			DisableScriptedObjects (5ms)
			BackupInstance (0ms)
			ReleaseScriptingObjects (0ms)
			CreateAndSetChildDomain (34ms)
		EndReloadAssembly (919ms)
			LoadAssemblies (97ms)
			RebuildTransferFunctionScriptingTraits (0ms)
			SetupTypeCache (324ms)
				TypeCache.Initialize (319ms)
					TypeCache.ScanAssembly (313ms)
				ResolveRequiredComponents (6ms)
			ReleaseScriptCaches (2ms)
			RebuildScriptCaches (51ms)
			SetupLoadedEditorAssemblies (393ms)
				LogAssemblyErrors (0ms)
				InitializePlatformSupportModulesInManaged (20ms)
				SetLoadedEditorAssemblies (7ms)
				RefreshPlugins (1ms)
				BeforeProcessingInitializeOnLoad (66ms)
				ProcessInitializeOnLoadAttributes (263ms)
				ProcessInitializeOnLoadMethodAttributes (33ms)
				AfterProcessingInitializeOnLoad (3ms)
				EditorAssembliesLoaded (0ms)
			ExecutionOrderSort2 (0ms)
			AwakeInstancesAfterBackupRestoration (9ms)
Platform modules already initialized, skipping
Refreshing native plugins compatible for Editor in 2.56 ms, found 3 plugins.
Preloading 0 native plugins for Editor in 0.00 ms.
Unloading 3426 Unused Serialized files (Serialized files now loaded: 0)
Unloading 19 unused Assets / (32.5 KB). Loaded Objects now: 3956.
Memory consumption went from 0.52 GB to 0.52 GB.
Total: 3.307000 ms (FindLiveObjects: 0.292100 ms CreateObjectMapping: 0.356900 ms MarkObjects: 2.582800 ms  DeleteObjects: 0.073900 ms)

AssetImportParameters requested are different than current active one (requested -> active):
  custom:video-decoder-ogg-theora: a1e56fd34408186e4bbccfd4996cb3dc -> 
  custom:container-muxer-webm: aa71ff27fc2769a1b78a27578f13a17b -> 
  custom:container-demuxer-webm: 4f35f7cbe854078d1ac9338744f61a02 -> 
  custom:video-encoder-webm-vp8: eb34c28f22e8b96e1ab97ce403110664 -> 
  custom:audio-encoder-webm-vorbis: bf7c407c2cedff20999df2af8eb42d56 -> 
  custom:framework-win-MediaFoundation: 216162199b28c13a410421893ffa2e32 -> 
  custom:container-demuxer-ogg: 62fdf1f143b41e24485cea50d1cbac27 -> 
  custom:video-decoder-webm-vp8: 9c59270c3fd7afecdb556c50c9e8de78 -> 
  custom:audio-decoder-ogg-vorbis: bf7c407c2cedff20999df2af8eb42d56 -> 
========================================================================
Received Prepare
Registering precompiled user dll's ...
Registered in 0.004592 seconds.
Begin MonoManager ReloadAssembly
Symbol file LoadedFromMemory doesn't match image C:\Users\William\Game 3d cool\Library\PackageCache\com.unity.visualscripting@1.7.8\Editor\VisualScripting.Core\Dependencies\YamlDotNet\Unity.VisualScripting.YamlDotNet.dll
Symbol file LoadedFromMemory doesn't match image C:\Users\William\Game 3d cool\Library\PackageCache\com.unity.visualscripting@1.7.8\Editor\VisualScripting.Core\Dependencies\DotNetZip\Unity.VisualScripting.IonicZip.dll
Native extension for UWP target not found
Native extension for LinuxStandalone target not found
Native extension for WindowsStandalone target not found
Native extension for OSXStandalone target not found
Native extension for WebGL target not found
Refreshing native plugins compatible for Editor in 1.01 ms, found 3 plugins.
Preloading 0 native plugins for Editor in 0.00 ms.
Mono: successfully reloaded assembly
- Completed reload, in  1.131 seconds
Domain Reload Profiling:
	ReloadAssembly (1132ms)
		BeginReloadAssembly (135ms)
			ExecutionOrderSort (0ms)
			DisableScriptedObjects (6ms)
			BackupInstance (0ms)
			ReleaseScriptingObjects (0ms)
			CreateAndSetChildDomain (32ms)
		EndReloadAssembly (910ms)
			LoadAssemblies (97ms)
			RebuildTransferFunctionScriptingTraits (0ms)
			SetupTypeCache (314ms)
				TypeCache.Initialize (309ms)
					TypeCache.ScanAssembly (303ms)
				ResolveRequiredComponents (6ms)
			ReleaseScriptCaches (1ms)
			RebuildScriptCaches (53ms)
			SetupLoadedEditorAssemblies (389ms)
				LogAssemblyErrors (0ms)
				InitializePlatformSupportModulesInManaged (19ms)
				SetLoadedEditorAssemblies (8ms)
				RefreshPlugins (1ms)
				BeforeProcessingInitializeOnLoad (64ms)
				ProcessInitializeOnLoadAttributes (263ms)
				ProcessInitializeOnLoadMethodAttributes (31ms)
				AfterProcessingInitializeOnLoad (2ms)
				EditorAssembliesLoaded (0ms)
			ExecutionOrderSort2 (0ms)
			AwakeInstancesAfterBackupRestoration (9ms)
Platform modules already initialized, skipping
Refreshing native plugins compatible for Editor in 3.41 ms, found 3 plugins.
Preloading 0 native plugins for Editor in 0.00 ms.
Unloading 3426 Unused Serialized files (Serialized files now loaded: 0)
Unloading 19 unused Assets / (32.6 KB). Loaded Objects now: 3959.
Memory consumption went from 0.52 GB to 0.52 GB.
Total: 3.457200 ms (FindLiveObjects: 0.289900 ms CreateObjectMapping: 0.204200 ms MarkObjects: 2.930000 ms  DeleteObjects: 0.031600 ms)

AssetImportParameters requested are different than current active one (requested -> active):
  custom:video-decoder-ogg-theora: a1e56fd34408186e4bbccfd4996cb3dc -> 
  custom:container-muxer-webm: aa71ff27fc2769a1b78a27578f13a17b -> 
  custom:container-demuxer-webm: 4f35f7cbe854078d1ac9338744f61a02 -> 
  custom:video-encoder-webm-vp8: eb34c28f22e8b96e1ab97ce403110664 -> 
  custom:audio-encoder-webm-vorbis: bf7c407c2cedff20999df2af8eb42d56 -> 
  custom:framework-win-MediaFoundation: 216162199b28c13a410421893ffa2e32 -> 
  custom:container-demuxer-ogg: 62fdf1f143b41e24485cea50d1cbac27 -> 
  custom:video-decoder-webm-vp8: 9c59270c3fd7afecdb556c50c9e8de78 -> 
  custom:audio-decoder-ogg-vorbis: bf7c407c2cedff20999df2af8eb42d56 -> 
========================================================================
Received Prepare
Registering precompiled user dll's ...
Registered in 0.007411 seconds.
Begin MonoManager ReloadAssembly
Symbol file LoadedFromMemory doesn't match image C:\Users\William\Game 3d cool\Library\PackageCache\com.unity.visualscripting@1.7.8\Editor\VisualScripting.Core\Dependencies\YamlDotNet\Unity.VisualScripting.YamlDotNet.dll
Symbol file LoadedFromMemory doesn't match image C:\Users\William\Game 3d cool\Library\PackageCache\com.unity.visualscripting@1.7.8\Editor\VisualScripting.Core\Dependencies\DotNetZip\Unity.VisualScripting.IonicZip.dll
Native extension for UWP target not found
Native extension for LinuxStandalone target not found
Native extension for WindowsStandalone target not found
Native extension for OSXStandalone target not found
Native extension for WebGL target not found
Refreshing native plugins compatible for Editor in 1.02 ms, found 3 plugins.
Preloading 0 native plugins for Editor in 0.00 ms.
Mono: successfully reloaded assembly
- Completed reload, in  1.138 seconds
Domain Reload Profiling:
	ReloadAssembly (1139ms)
		BeginReloadAssembly (136ms)
			ExecutionOrderSort (0ms)
			DisableScriptedObjects (7ms)
			BackupInstance (0ms)
			ReleaseScriptingObjects (0ms)
			CreateAndSetChildDomain (33ms)
		EndReloadAssembly (911ms)
			LoadAssemblies (90ms)
			RebuildTransferFunctionScriptingTraits (0ms)
			SetupTypeCache (327ms)
				TypeCache.Initialize (321ms)
					TypeCache.ScanAssembly (315ms)
				ResolveRequiredComponents (6ms)
			ReleaseScriptCaches (1ms)
			RebuildScriptCaches (48ms)
			SetupLoadedEditorAssemblies (383ms)
				LogAssemblyErrors (0ms)
				InitializePlatformSupportModulesInManaged (19ms)
				SetLoadedEditorAssemblies (7ms)
				RefreshPlugins (1ms)
				BeforeProcessingInitializeOnLoad (67ms)
				ProcessInitializeOnLoadAttributes (255ms)
				ProcessInitializeOnLoadMethodAttributes (32ms)
				AfterProcessingInitializeOnLoad (2ms)
				EditorAssembliesLoaded (0ms)
			ExecutionOrderSort2 (0ms)
			AwakeInstancesAfterBackupRestoration (9ms)
Platform modules already initialized, skipping
Refreshing native plugins compatible for Editor in 1.75 ms, found 3 plugins.
Preloading 0 native plugins for Editor in 0.00 ms.
Unloading 3426 Unused Serialized files (Serialized files now loaded: 0)
Unloading 19 unused Assets / (32.5 KB). Loaded Objects now: 3962.
Memory consumption went from 0.52 GB to 0.52 GB.
Total: 2.746900 ms (FindLiveObjects: 0.306700 ms CreateObjectMapping: 0.216800 ms MarkObjects: 2.194000 ms  DeleteObjects: 0.028400 ms)

AssetImportParameters requested are different than current active one (requested -> active):
  custom:video-decoder-ogg-theora: a1e56fd34408186e4bbccfd4996cb3dc -> 
  custom:container-muxer-webm: aa71ff27fc2769a1b78a27578f13a17b -> 
  custom:container-demuxer-webm: 4f35f7cbe854078d1ac9338744f61a02 -> 
  custom:video-encoder-webm-vp8: eb34c28f22e8b96e1ab97ce403110664 -> 
  custom:audio-encoder-webm-vorbis: bf7c407c2cedff20999df2af8eb42d56 -> 
  custom:framework-win-MediaFoundation: 216162199b28c13a410421893ffa2e32 -> 
  custom:container-demuxer-ogg: 62fdf1f143b41e24485cea50d1cbac27 -> 
  custom:video-decoder-webm-vp8: 9c59270c3fd7afecdb556c50c9e8de78 -> 
  custom:audio-decoder-ogg-vorbis: bf7c407c2cedff20999df2af8eb42d56 -> 
========================================================================
Received Prepare
Registering precompiled user dll's ...
Registered in 0.004799 seconds.
Begin MonoManager ReloadAssembly
Symbol file LoadedFromMemory doesn't match image C:\Users\William\Game 3d cool\Library\PackageCache\com.unity.visualscripting@1.7.8\Editor\VisualScripting.Core\Dependencies\YamlDotNet\Unity.VisualScripting.YamlDotNet.dll
Symbol file LoadedFromMemory doesn't match image C:\Users\William\Game 3d cool\Library\PackageCache\com.unity.visualscripting@1.7.8\Editor\VisualScripting.Core\Dependencies\DotNetZip\Unity.VisualScripting.IonicZip.dll
Native extension for UWP target not found
Native extension for LinuxStandalone target not found
Native extension for WindowsStandalone target not found
Native extension for OSXStandalone target not found
Native extension for WebGL target not found
Refreshing native plugins compatible for Editor in 0.99 ms, found 3 plugins.
Preloading 0 native plugins for Editor in 0.00 ms.
Mono: successfully reloaded assembly
- Completed reload, in  1.182 seconds
Domain Reload Profiling:
	ReloadAssembly (1183ms)
		BeginReloadAssembly (153ms)
			ExecutionOrderSort (0ms)
			DisableScriptedObjects (6ms)
			BackupInstance (0ms)
			ReleaseScriptingObjects (0ms)
			CreateAndSetChildDomain (35ms)
		EndReloadAssembly (929ms)
			LoadAssemblies (105ms)
			RebuildTransferFunctionScriptingTraits (0ms)
			SetupTypeCache (330ms)
				TypeCache.Initialize (324ms)
					TypeCache.ScanAssembly (317ms)
				ResolveRequiredComponents (6ms)
			ReleaseScriptCaches (1ms)
			RebuildScriptCaches (53ms)
			SetupLoadedEditorAssemblies (396ms)
				LogAssemblyErrors (0ms)
				InitializePlatformSupportModulesInManaged (20ms)
				SetLoadedEditorAssemblies (8ms)
				RefreshPlugins (1ms)
				BeforeProcessingInitializeOnLoad (66ms)
				ProcessInitializeOnLoadAttributes (265ms)
				ProcessInitializeOnLoadMethodAttributes (32ms)
				AfterProcessingInitializeOnLoad (3ms)
				EditorAssembliesLoaded (0ms)
			ExecutionOrderSort2 (0ms)
			AwakeInstancesAfterBackupRestoration (9ms)
Platform modules already initialized, skipping
Refreshing native plugins compatible for Editor in 1.59 ms, found 3 plugins.
Preloading 0 native plugins for Editor in 0.00 ms.
Unloading 3426 Unused Serialized files (Serialized files now loaded: 0)
Unloading 19 unused Assets / (32.6 KB). Loaded Objects now: 3965.
Memory consumption went from 0.52 GB to 0.52 GB.
Total: 2.747400 ms (FindLiveObjects: 0.248400 ms CreateObjectMapping: 0.167100 ms MarkObjects: 2.303500 ms  DeleteObjects: 0.027300 ms)

AssetImportParameters requested are different than current active one (requested -> active):
  custom:video-decoder-ogg-theora: a1e56fd34408186e4bbccfd4996cb3dc -> 
  custom:container-muxer-webm: aa71ff27fc2769a1b78a27578f13a17b -> 
  custom:container-demuxer-webm: 4f35f7cbe854078d1ac9338744f61a02 -> 
  custom:video-encoder-webm-vp8: eb34c28f22e8b96e1ab97ce403110664 -> 
  custom:audio-encoder-webm-vorbis: bf7c407c2cedff20999df2af8eb42d56 -> 
  custom:framework-win-MediaFoundation: 216162199b28c13a410421893ffa2e32 -> 
  custom:container-demuxer-ogg: 62fdf1f143b41e24485cea50d1cbac27 -> 
  custom:video-decoder-webm-vp8: 9c59270c3fd7afecdb556c50c9e8de78 -> 
  custom:audio-decoder-ogg-vorbis: bf7c407c2cedff20999df2af8eb42d56 -> 
========================================================================
Received Import Request.
  Time since last request: 209.376399 seconds.
  path: Assets/prebuilt packs/desert environment pack/Props/Genorators
  artifactKey: Guid(45503e56c3a3ae34caeb8fd51cd12ea6) Importer(815301076,1909f56bfc062723c751e8b465ee728b)
Start importing Assets/prebuilt packs/desert environment pack/Props/Genorators using Guid(45503e56c3a3ae34caeb8fd51cd12ea6) Importer(815301076,1909f56bfc062723c751e8b465ee728b)  -> (artifact id: 'f5bbd9cc01a305a263aed6cc96f6f860') in 0.006234 seconds 
========================================================================
Received Import Request.
  Time since last request: 0.079265 seconds.
  path: Assets/prebuilt packs/desert environment pack/Props/Genorators/Genorator.fbx
  artifactKey: Guid(8d388e7bf19da8540a95aab9f358c5e0) Importer(815301076,1909f56bfc062723c751e8b465ee728b)
Start importing Assets/prebuilt packs/desert environment pack/Props/Genorators/Genorator.fbx using Guid(8d388e7bf19da8540a95aab9f358c5e0) Importer(815301076,1909f56bfc062723c751e8b465ee728b)  -> (artifact id: 'be04f0cacb9120694e1ca2b8c9d8ece8') in 0.120190 seconds 
========================================================================
Received Import Request.
  Time since last request: 1.437897 seconds.
  path: Assets/prebuilt packs/desert environment pack/Props/Genorators/Textures
  artifactKey: Guid(9dbb73af702a9734b9bd373c8d9bf2af) Importer(815301076,1909f56bfc062723c751e8b465ee728b)
Start importing Assets/prebuilt packs/desert environment pack/Props/Genorators/Textures using Guid(9dbb73af702a9734b9bd373c8d9bf2af) Importer(815301076,1909f56bfc062723c751e8b465ee728b)  -> (artifact id: '1fd4273e966565d7d65860098fcb0572') in 0.002145 seconds 
========================================================================
Received Import Request.
  Time since last request: 14.832745 seconds.
  path: Assets/prebuilt packs/desert environment pack/Props/WoodenCrate
  artifactKey: Guid(17567ed9c20958c48a586ef1382d4198) Importer(815301076,1909f56bfc062723c751e8b465ee728b)
Start importing Assets/prebuilt packs/desert environment pack/Props/WoodenCrate using Guid(17567ed9c20958c48a586ef1382d4198) Importer(815301076,1909f56bfc062723c751e8b465ee728b)  -> (artifact id: '774d87c286d2a8deb199d43978bb8a7d') in 0.006234 seconds 
========================================================================
Received Import Request.
  Time since last request: 6.908140 seconds.
  path: Assets/prebuilt packs/desert environment pack/Props/House
  artifactKey: Guid(e8a5c3bc98510654ab6304c8a707954b) Importer(815301076,1909f56bfc062723c751e8b465ee728b)
Start importing Assets/prebuilt packs/desert environment pack/Props/House using Guid(e8a5c3bc98510654ab6304c8a707954b) Importer(815301076,1909f56bfc062723c751e8b465ee728b)  -> (artifact id: 'becf3e570641524b9336b28dfe6bb947') in 0.008508 seconds 
========================================================================
Received Import Request.
  Time since last request: 0.118766 seconds.
  path: Assets/prebuilt packs/desert environment pack/Props/House/House.fbx
  artifactKey: Guid(c2b26505f728709498d3df0751a14f9c) Importer(815301076,1909f56bfc062723c751e8b465ee728b)
Start importing Assets/prebuilt packs/desert environment pack/Props/House/House.fbx using Guid(c2b26505f728709498d3df0751a14f9c) Importer(815301076,1909f56bfc062723c751e8b465ee728b)  -> (artifact id: '3a62be340e66a3721be1643cc8305c50') in 0.023977 seconds 
